<?xml version="1.0" encoding="UTF-8"?>
<testsuite xmlns:xsi="http://www.w3.org/2001/XMLSchema-instance" xsi:noNamespaceSchemaLocation="https://maven.apache.org/surefire/maven-surefire-plugin/xsd/surefire-test-report-3.0.xsd" version="3.0" name="com.xie.rpcspringbootstarter.RpcSpringBootStarterApplicationTests" time="1.185" tests="1" errors="0" skipped="0" failures="0">
  <properties>
    <property name="java.specification.version" value="19"/>
    <property name="sun.cpu.isalist" value="amd64"/>
    <property name="sun.jnu.encoding" value="GBK"/>
    <property name="java.class.path" value="D:\JAVA\RPC\rpc\rpc-spring-boot-starter\target\test-classes;D:\JAVA\RPC\rpc\rpc-spring-boot-starter\target\classes;D:\JAVA\ssm\maven\repository\org\springframework\boot\spring-boot-starter\2.6.13\spring-boot-starter-2.6.13.jar;D:\JAVA\ssm\maven\repository\org\springframework\boot\spring-boot\2.6.13\spring-boot-2.6.13.jar;D:\JAVA\ssm\maven\repository\org\springframework\spring-context\5.3.23\spring-context-5.3.23.jar;D:\JAVA\ssm\maven\repository\org\springframework\spring-aop\5.3.23\spring-aop-5.3.23.jar;D:\JAVA\ssm\maven\repository\org\springframework\spring-beans\5.3.23\spring-beans-5.3.23.jar;D:\JAVA\ssm\maven\repository\org\springframework\spring-expression\5.3.23\spring-expression-5.3.23.jar;D:\JAVA\ssm\maven\repository\org\springframework\boot\spring-boot-autoconfigure\2.6.13\spring-boot-autoconfigure-2.6.13.jar;D:\JAVA\ssm\maven\repository\org\springframework\boot\spring-boot-starter-logging\2.6.13\spring-boot-starter-logging-2.6.13.jar;D:\JAVA\ssm\maven\repository\org\apache\logging\log4j\log4j-to-slf4j\2.17.2\log4j-to-slf4j-2.17.2.jar;D:\JAVA\ssm\maven\repository\org\apache\logging\log4j\log4j-api\2.17.2\log4j-api-2.17.2.jar;D:\JAVA\ssm\maven\repository\org\slf4j\jul-to-slf4j\1.7.36\jul-to-slf4j-1.7.36.jar;D:\JAVA\ssm\maven\repository\jakarta\annotation\jakarta.annotation-api\1.3.5\jakarta.annotation-api-1.3.5.jar;D:\JAVA\ssm\maven\repository\org\springframework\spring-core\5.3.23\spring-core-5.3.23.jar;D:\JAVA\ssm\maven\repository\org\springframework\spring-jcl\5.3.23\spring-jcl-5.3.23.jar;D:\JAVA\ssm\maven\repository\org\yaml\snakeyaml\1.29\snakeyaml-1.29.jar;D:\JAVA\ssm\maven\repository\org\springframework\boot\spring-boot-configuration-processor\2.6.13\spring-boot-configuration-processor-2.6.13.jar;D:\JAVA\ssm\maven\repository\org\springframework\boot\spring-boot-starter-test\2.6.13\spring-boot-starter-test-2.6.13.jar;D:\JAVA\ssm\maven\repository\org\springframework\boot\spring-boot-test\2.6.13\spring-boot-test-2.6.13.jar;D:\JAVA\ssm\maven\repository\org\springframework\boot\spring-boot-test-autoconfigure\2.6.13\spring-boot-test-autoconfigure-2.6.13.jar;D:\JAVA\ssm\maven\repository\com\jayway\jsonpath\json-path\2.6.0\json-path-2.6.0.jar;D:\JAVA\ssm\maven\repository\net\minidev\json-smart\2.4.8\json-smart-2.4.8.jar;D:\JAVA\ssm\maven\repository\net\minidev\accessors-smart\2.4.8\accessors-smart-2.4.8.jar;D:\JAVA\ssm\maven\repository\org\ow2\asm\asm\9.1\asm-9.1.jar;D:\JAVA\ssm\maven\repository\org\slf4j\slf4j-api\1.7.36\slf4j-api-1.7.36.jar;D:\JAVA\ssm\maven\repository\jakarta\xml\bind\jakarta.xml.bind-api\2.3.3\jakarta.xml.bind-api-2.3.3.jar;D:\JAVA\ssm\maven\repository\jakarta\activation\jakarta.activation-api\1.2.2\jakarta.activation-api-1.2.2.jar;D:\JAVA\ssm\maven\repository\org\assertj\assertj-core\3.21.0\assertj-core-3.21.0.jar;D:\JAVA\ssm\maven\repository\org\hamcrest\hamcrest\2.2\hamcrest-2.2.jar;D:\JAVA\ssm\maven\repository\org\junit\jupiter\junit-jupiter\5.8.2\junit-jupiter-5.8.2.jar;D:\JAVA\ssm\maven\repository\org\junit\jupiter\junit-jupiter-api\5.8.2\junit-jupiter-api-5.8.2.jar;D:\JAVA\ssm\maven\repository\org\opentest4j\opentest4j\1.2.0\opentest4j-1.2.0.jar;D:\JAVA\ssm\maven\repository\org\junit\platform\junit-platform-commons\1.8.2\junit-platform-commons-1.8.2.jar;D:\JAVA\ssm\maven\repository\org\apiguardian\apiguardian-api\1.1.2\apiguardian-api-1.1.2.jar;D:\JAVA\ssm\maven\repository\org\junit\jupiter\junit-jupiter-params\5.8.2\junit-jupiter-params-5.8.2.jar;D:\JAVA\ssm\maven\repository\org\junit\jupiter\junit-jupiter-engine\5.8.2\junit-jupiter-engine-5.8.2.jar;D:\JAVA\ssm\maven\repository\org\junit\platform\junit-platform-engine\1.8.2\junit-platform-engine-1.8.2.jar;D:\JAVA\ssm\maven\repository\org\mockito\mockito-core\4.0.0\mockito-core-4.0.0.jar;D:\JAVA\ssm\maven\repository\net\bytebuddy\byte-buddy\1.11.22\byte-buddy-1.11.22.jar;D:\JAVA\ssm\maven\repository\net\bytebuddy\byte-buddy-agent\1.11.22\byte-buddy-agent-1.11.22.jar;D:\JAVA\ssm\maven\repository\org\objenesis\objenesis\3.2\objenesis-3.2.jar;D:\JAVA\ssm\maven\repository\org\mockito\mockito-junit-jupiter\4.0.0\mockito-junit-jupiter-4.0.0.jar;D:\JAVA\ssm\maven\repository\org\skyscreamer\jsonassert\1.5.1\jsonassert-1.5.1.jar;D:\JAVA\ssm\maven\repository\com\vaadin\external\google\android-json\0.0.20131108.vaadin1\android-json-0.0.20131108.vaadin1.jar;D:\JAVA\ssm\maven\repository\org\springframework\spring-test\5.3.23\spring-test-5.3.23.jar;D:\JAVA\ssm\maven\repository\org\xmlunit\xmlunit-core\2.8.4\xmlunit-core-2.8.4.jar;D:\JAVA\ssm\maven\repository\com\xie\rpc\rpc-core\1.0-SNAPSHOT\rpc-core-1.0-SNAPSHOT.jar;D:\JAVA\ssm\maven\repository\io\vertx\vertx-core\4.5.1\vertx-core-4.5.1.jar;D:\JAVA\ssm\maven\repository\io\netty\netty-common\4.1.84.Final\netty-common-4.1.84.Final.jar;D:\JAVA\ssm\maven\repository\io\netty\netty-buffer\4.1.84.Final\netty-buffer-4.1.84.Final.jar;D:\JAVA\ssm\maven\repository\io\netty\netty-transport\4.1.84.Final\netty-transport-4.1.84.Final.jar;D:\JAVA\ssm\maven\repository\io\netty\netty-handler\4.1.84.Final\netty-handler-4.1.84.Final.jar;D:\JAVA\ssm\maven\repository\io\netty\netty-transport-native-unix-common\4.1.84.Final\netty-transport-native-unix-common-4.1.84.Final.jar;D:\JAVA\ssm\maven\repository\io\netty\netty-codec\4.1.84.Final\netty-codec-4.1.84.Final.jar;D:\JAVA\ssm\maven\repository\io\netty\netty-handler-proxy\4.1.84.Final\netty-handler-proxy-4.1.84.Final.jar;D:\JAVA\ssm\maven\repository\io\netty\netty-codec-socks\4.1.84.Final\netty-codec-socks-4.1.84.Final.jar;D:\JAVA\ssm\maven\repository\io\netty\netty-codec-http\4.1.84.Final\netty-codec-http-4.1.84.Final.jar;D:\JAVA\ssm\maven\repository\io\netty\netty-codec-http2\4.1.84.Final\netty-codec-http2-4.1.84.Final.jar;D:\JAVA\ssm\maven\repository\io\netty\netty-resolver\4.1.84.Final\netty-resolver-4.1.84.Final.jar;D:\JAVA\ssm\maven\repository\io\netty\netty-resolver-dns\4.1.84.Final\netty-resolver-dns-4.1.84.Final.jar;D:\JAVA\ssm\maven\repository\io\netty\netty-codec-dns\4.1.84.Final\netty-codec-dns-4.1.84.Final.jar;D:\JAVA\ssm\maven\repository\com\fasterxml\jackson\core\jackson-core\2.13.4\jackson-core-2.13.4.jar;D:\JAVA\ssm\maven\repository\cn\hutool\hutool-all\5.8.16\hutool-all-5.8.16.jar;D:\JAVA\ssm\maven\repository\ch\qos\logback\logback-classic\1.2.11\logback-classic-1.2.11.jar;D:\JAVA\ssm\maven\repository\ch\qos\logback\logback-core\1.2.11\logback-core-1.2.11.jar;D:\JAVA\ssm\maven\repository\com\caucho\hessian\4.0.66\hessian-4.0.66.jar;D:\JAVA\ssm\maven\repository\com\esotericsoftware\kryo\5.6.0\kryo-5.6.0.jar;D:\JAVA\ssm\maven\repository\com\esotericsoftware\reflectasm\1.11.9\reflectasm-1.11.9.jar;D:\JAVA\ssm\maven\repository\com\esotericsoftware\minlog\1.3.1\minlog-1.3.1.jar;D:\JAVA\ssm\maven\repository\io\etcd\jetcd-core\0.7.7\jetcd-core-0.7.7.jar;D:\JAVA\ssm\maven\repository\io\etcd\jetcd-grpc\0.7.7\jetcd-grpc-0.7.7.jar;D:\JAVA\ssm\maven\repository\io\vertx\vertx-grpc\4.5.1\vertx-grpc-4.5.1.jar;D:\JAVA\ssm\maven\repository\javax\annotation\javax.annotation-api\1.3.2\javax.annotation-api-1.3.2.jar;D:\JAVA\ssm\maven\repository\io\grpc\grpc-core\1.60.0\grpc-core-1.60.0.jar;D:\JAVA\ssm\maven\repository\io\grpc\grpc-api\1.60.0\grpc-api-1.60.0.jar;D:\JAVA\ssm\maven\repository\io\perfmark\perfmark-api\0.26.0\perfmark-api-0.26.0.jar;D:\JAVA\ssm\maven\repository\io\grpc\grpc-context\1.60.0\grpc-context-1.60.0.jar;D:\JAVA\ssm\maven\repository\io\grpc\grpc-netty\1.60.0\grpc-netty-1.60.0.jar;D:\JAVA\ssm\maven\repository\io\grpc\grpc-protobuf\1.60.0\grpc-protobuf-1.60.0.jar;D:\JAVA\ssm\maven\repository\com\google\protobuf\protobuf-java\3.24.0\protobuf-java-3.24.0.jar;D:\JAVA\ssm\maven\repository\com\google\api\grpc\proto-google-common-protos\2.22.0\proto-google-common-protos-2.22.0.jar;D:\JAVA\ssm\maven\repository\io\grpc\grpc-protobuf-lite\1.60.0\grpc-protobuf-lite-1.60.0.jar;D:\JAVA\ssm\maven\repository\io\grpc\grpc-stub\1.60.0\grpc-stub-1.60.0.jar;D:\JAVA\ssm\maven\repository\io\grpc\grpc-grpclb\1.60.0\grpc-grpclb-1.60.0.jar;D:\JAVA\ssm\maven\repository\com\google\protobuf\protobuf-java-util\3.24.0\protobuf-java-util-3.24.0.jar;D:\JAVA\ssm\maven\repository\io\grpc\grpc-util\1.60.0\grpc-util-1.60.0.jar;D:\JAVA\ssm\maven\repository\io\etcd\jetcd-api\0.7.7\jetcd-api-0.7.7.jar;D:\JAVA\ssm\maven\repository\io\etcd\jetcd-common\0.7.7\jetcd-common-0.7.7.jar;D:\JAVA\ssm\maven\repository\com\google\guava\guava\33.0.0-jre\guava-33.0.0-jre.jar;D:\JAVA\ssm\maven\repository\com\google\guava\failureaccess\1.0.2\failureaccess-1.0.2.jar;D:\JAVA\ssm\maven\repository\com\google\guava\listenablefuture\9999.0-empty-to-avoid-conflict-with-guava\listenablefuture-9999.0-empty-to-avoid-conflict-with-guava.jar;D:\JAVA\ssm\maven\repository\org\checkerframework\checker-qual\3.41.0\checker-qual-3.41.0.jar;D:\JAVA\ssm\maven\repository\dev\failsafe\failsafe\3.3.2\failsafe-3.3.2.jar;D:\JAVA\ssm\maven\repository\org\apache\curator\curator-x-discovery\5.6.0\curator-x-discovery-5.6.0.jar;D:\JAVA\ssm\maven\repository\org\apache\curator\curator-recipes\5.6.0\curator-recipes-5.6.0.jar;D:\JAVA\ssm\maven\repository\org\apache\curator\curator-framework\5.6.0\curator-framework-5.6.0.jar;D:\JAVA\ssm\maven\repository\org\apache\curator\curator-client\5.6.0\curator-client-5.6.0.jar;D:\JAVA\ssm\maven\repository\org\apache\zookeeper\zookeeper\3.7.2\zookeeper-3.7.2.jar;D:\JAVA\ssm\maven\repository\org\apache\zookeeper\zookeeper-jute\3.7.2\zookeeper-jute-3.7.2.jar;D:\JAVA\ssm\maven\repository\org\apache\yetus\audience-annotations\0.12.0\audience-annotations-0.12.0.jar;D:\JAVA\ssm\maven\repository\io\netty\netty-transport-native-epoll\4.1.84.Final\netty-transport-native-epoll-4.1.84.Final.jar;D:\JAVA\ssm\maven\repository\io\netty\netty-transport-classes-epoll\4.1.84.Final\netty-transport-classes-epoll-4.1.84.Final.jar;D:\JAVA\ssm\maven\repository\com\fasterxml\jackson\core\jackson-databind\2.13.4.2\jackson-databind-2.13.4.2.jar;D:\JAVA\ssm\maven\repository\com\fasterxml\jackson\core\jackson-annotations\2.13.4\jackson-annotations-2.13.4.jar;D:\JAVA\ssm\maven\repository\com\github\rholder\guava-retrying\2.0.0\guava-retrying-2.0.0.jar;D:\JAVA\ssm\maven\repository\com\google\code\findbugs\jsr305\2.0.2\jsr305-2.0.2.jar;D:\JAVA\ssm\maven\repository\org\projectlombok\lombok\1.18.24\lombok-1.18.24.jar;"/>
    <property name="java.vm.vendor" value="Oracle Corporation"/>
    <property name="sun.arch.data.model" value="64"/>
    <property name="user.variant" value=""/>
    <property name="java.vendor.url" value="https://java.oracle.com/"/>
    <property name="user.timezone" value="Asia/Shanghai"/>
    <property name="user.country.format" value="US"/>
    <property name="os.name" value="Windows 11"/>
    <property name="java.vm.specification.version" value="19"/>
    <property name="sun.java.launcher" value="SUN_STANDARD"/>
    <property name="user.country" value="CN"/>
    <property name="sun.boot.library.path" value="D:\Program Files\Java\jdk-19\bin"/>
    <property name="sun.java.command" value="C:\Users\xielinjun\AppData\Local\Temp\surefire9168144593156275056\surefirebooter-20240512202402647_3.jar C:\Users\xielinjun\AppData\Local\Temp\surefire9168144593156275056 2024-05-12T20-24-02_496-jvmRun1 surefire-20240512202402647_1tmp surefire_0-20240512202402647_2tmp"/>
    <property name="jdk.debug" value="release"/>
    <property name="surefire.test.class.path" value="D:\JAVA\RPC\rpc\rpc-spring-boot-starter\target\test-classes;D:\JAVA\RPC\rpc\rpc-spring-boot-starter\target\classes;D:\JAVA\ssm\maven\repository\org\springframework\boot\spring-boot-starter\2.6.13\spring-boot-starter-2.6.13.jar;D:\JAVA\ssm\maven\repository\org\springframework\boot\spring-boot\2.6.13\spring-boot-2.6.13.jar;D:\JAVA\ssm\maven\repository\org\springframework\spring-context\5.3.23\spring-context-5.3.23.jar;D:\JAVA\ssm\maven\repository\org\springframework\spring-aop\5.3.23\spring-aop-5.3.23.jar;D:\JAVA\ssm\maven\repository\org\springframework\spring-beans\5.3.23\spring-beans-5.3.23.jar;D:\JAVA\ssm\maven\repository\org\springframework\spring-expression\5.3.23\spring-expression-5.3.23.jar;D:\JAVA\ssm\maven\repository\org\springframework\boot\spring-boot-autoconfigure\2.6.13\spring-boot-autoconfigure-2.6.13.jar;D:\JAVA\ssm\maven\repository\org\springframework\boot\spring-boot-starter-logging\2.6.13\spring-boot-starter-logging-2.6.13.jar;D:\JAVA\ssm\maven\repository\org\apache\logging\log4j\log4j-to-slf4j\2.17.2\log4j-to-slf4j-2.17.2.jar;D:\JAVA\ssm\maven\repository\org\apache\logging\log4j\log4j-api\2.17.2\log4j-api-2.17.2.jar;D:\JAVA\ssm\maven\repository\org\slf4j\jul-to-slf4j\1.7.36\jul-to-slf4j-1.7.36.jar;D:\JAVA\ssm\maven\repository\jakarta\annotation\jakarta.annotation-api\1.3.5\jakarta.annotation-api-1.3.5.jar;D:\JAVA\ssm\maven\repository\org\springframework\spring-core\5.3.23\spring-core-5.3.23.jar;D:\JAVA\ssm\maven\repository\org\springframework\spring-jcl\5.3.23\spring-jcl-5.3.23.jar;D:\JAVA\ssm\maven\repository\org\yaml\snakeyaml\1.29\snakeyaml-1.29.jar;D:\JAVA\ssm\maven\repository\org\springframework\boot\spring-boot-configuration-processor\2.6.13\spring-boot-configuration-processor-2.6.13.jar;D:\JAVA\ssm\maven\repository\org\springframework\boot\spring-boot-starter-test\2.6.13\spring-boot-starter-test-2.6.13.jar;D:\JAVA\ssm\maven\repository\org\springframework\boot\spring-boot-test\2.6.13\spring-boot-test-2.6.13.jar;D:\JAVA\ssm\maven\repository\org\springframework\boot\spring-boot-test-autoconfigure\2.6.13\spring-boot-test-autoconfigure-2.6.13.jar;D:\JAVA\ssm\maven\repository\com\jayway\jsonpath\json-path\2.6.0\json-path-2.6.0.jar;D:\JAVA\ssm\maven\repository\net\minidev\json-smart\2.4.8\json-smart-2.4.8.jar;D:\JAVA\ssm\maven\repository\net\minidev\accessors-smart\2.4.8\accessors-smart-2.4.8.jar;D:\JAVA\ssm\maven\repository\org\ow2\asm\asm\9.1\asm-9.1.jar;D:\JAVA\ssm\maven\repository\org\slf4j\slf4j-api\1.7.36\slf4j-api-1.7.36.jar;D:\JAVA\ssm\maven\repository\jakarta\xml\bind\jakarta.xml.bind-api\2.3.3\jakarta.xml.bind-api-2.3.3.jar;D:\JAVA\ssm\maven\repository\jakarta\activation\jakarta.activation-api\1.2.2\jakarta.activation-api-1.2.2.jar;D:\JAVA\ssm\maven\repository\org\assertj\assertj-core\3.21.0\assertj-core-3.21.0.jar;D:\JAVA\ssm\maven\repository\org\hamcrest\hamcrest\2.2\hamcrest-2.2.jar;D:\JAVA\ssm\maven\repository\org\junit\jupiter\junit-jupiter\5.8.2\junit-jupiter-5.8.2.jar;D:\JAVA\ssm\maven\repository\org\junit\jupiter\junit-jupiter-api\5.8.2\junit-jupiter-api-5.8.2.jar;D:\JAVA\ssm\maven\repository\org\opentest4j\opentest4j\1.2.0\opentest4j-1.2.0.jar;D:\JAVA\ssm\maven\repository\org\junit\platform\junit-platform-commons\1.8.2\junit-platform-commons-1.8.2.jar;D:\JAVA\ssm\maven\repository\org\apiguardian\apiguardian-api\1.1.2\apiguardian-api-1.1.2.jar;D:\JAVA\ssm\maven\repository\org\junit\jupiter\junit-jupiter-params\5.8.2\junit-jupiter-params-5.8.2.jar;D:\JAVA\ssm\maven\repository\org\junit\jupiter\junit-jupiter-engine\5.8.2\junit-jupiter-engine-5.8.2.jar;D:\JAVA\ssm\maven\repository\org\junit\platform\junit-platform-engine\1.8.2\junit-platform-engine-1.8.2.jar;D:\JAVA\ssm\maven\repository\org\mockito\mockito-core\4.0.0\mockito-core-4.0.0.jar;D:\JAVA\ssm\maven\repository\net\bytebuddy\byte-buddy\1.11.22\byte-buddy-1.11.22.jar;D:\JAVA\ssm\maven\repository\net\bytebuddy\byte-buddy-agent\1.11.22\byte-buddy-agent-1.11.22.jar;D:\JAVA\ssm\maven\repository\org\objenesis\objenesis\3.2\objenesis-3.2.jar;D:\JAVA\ssm\maven\repository\org\mockito\mockito-junit-jupiter\4.0.0\mockito-junit-jupiter-4.0.0.jar;D:\JAVA\ssm\maven\repository\org\skyscreamer\jsonassert\1.5.1\jsonassert-1.5.1.jar;D:\JAVA\ssm\maven\repository\com\vaadin\external\google\android-json\0.0.20131108.vaadin1\android-json-0.0.20131108.vaadin1.jar;D:\JAVA\ssm\maven\repository\org\springframework\spring-test\5.3.23\spring-test-5.3.23.jar;D:\JAVA\ssm\maven\repository\org\xmlunit\xmlunit-core\2.8.4\xmlunit-core-2.8.4.jar;D:\JAVA\ssm\maven\repository\com\xie\rpc\rpc-core\1.0-SNAPSHOT\rpc-core-1.0-SNAPSHOT.jar;D:\JAVA\ssm\maven\repository\io\vertx\vertx-core\4.5.1\vertx-core-4.5.1.jar;D:\JAVA\ssm\maven\repository\io\netty\netty-common\4.1.84.Final\netty-common-4.1.84.Final.jar;D:\JAVA\ssm\maven\repository\io\netty\netty-buffer\4.1.84.Final\netty-buffer-4.1.84.Final.jar;D:\JAVA\ssm\maven\repository\io\netty\netty-transport\4.1.84.Final\netty-transport-4.1.84.Final.jar;D:\JAVA\ssm\maven\repository\io\netty\netty-handler\4.1.84.Final\netty-handler-4.1.84.Final.jar;D:\JAVA\ssm\maven\repository\io\netty\netty-transport-native-unix-common\4.1.84.Final\netty-transport-native-unix-common-4.1.84.Final.jar;D:\JAVA\ssm\maven\repository\io\netty\netty-codec\4.1.84.Final\netty-codec-4.1.84.Final.jar;D:\JAVA\ssm\maven\repository\io\netty\netty-handler-proxy\4.1.84.Final\netty-handler-proxy-4.1.84.Final.jar;D:\JAVA\ssm\maven\repository\io\netty\netty-codec-socks\4.1.84.Final\netty-codec-socks-4.1.84.Final.jar;D:\JAVA\ssm\maven\repository\io\netty\netty-codec-http\4.1.84.Final\netty-codec-http-4.1.84.Final.jar;D:\JAVA\ssm\maven\repository\io\netty\netty-codec-http2\4.1.84.Final\netty-codec-http2-4.1.84.Final.jar;D:\JAVA\ssm\maven\repository\io\netty\netty-resolver\4.1.84.Final\netty-resolver-4.1.84.Final.jar;D:\JAVA\ssm\maven\repository\io\netty\netty-resolver-dns\4.1.84.Final\netty-resolver-dns-4.1.84.Final.jar;D:\JAVA\ssm\maven\repository\io\netty\netty-codec-dns\4.1.84.Final\netty-codec-dns-4.1.84.Final.jar;D:\JAVA\ssm\maven\repository\com\fasterxml\jackson\core\jackson-core\2.13.4\jackson-core-2.13.4.jar;D:\JAVA\ssm\maven\repository\cn\hutool\hutool-all\5.8.16\hutool-all-5.8.16.jar;D:\JAVA\ssm\maven\repository\ch\qos\logback\logback-classic\1.2.11\logback-classic-1.2.11.jar;D:\JAVA\ssm\maven\repository\ch\qos\logback\logback-core\1.2.11\logback-core-1.2.11.jar;D:\JAVA\ssm\maven\repository\com\caucho\hessian\4.0.66\hessian-4.0.66.jar;D:\JAVA\ssm\maven\repository\com\esotericsoftware\kryo\5.6.0\kryo-5.6.0.jar;D:\JAVA\ssm\maven\repository\com\esotericsoftware\reflectasm\1.11.9\reflectasm-1.11.9.jar;D:\JAVA\ssm\maven\repository\com\esotericsoftware\minlog\1.3.1\minlog-1.3.1.jar;D:\JAVA\ssm\maven\repository\io\etcd\jetcd-core\0.7.7\jetcd-core-0.7.7.jar;D:\JAVA\ssm\maven\repository\io\etcd\jetcd-grpc\0.7.7\jetcd-grpc-0.7.7.jar;D:\JAVA\ssm\maven\repository\io\vertx\vertx-grpc\4.5.1\vertx-grpc-4.5.1.jar;D:\JAVA\ssm\maven\repository\javax\annotation\javax.annotation-api\1.3.2\javax.annotation-api-1.3.2.jar;D:\JAVA\ssm\maven\repository\io\grpc\grpc-core\1.60.0\grpc-core-1.60.0.jar;D:\JAVA\ssm\maven\repository\io\grpc\grpc-api\1.60.0\grpc-api-1.60.0.jar;D:\JAVA\ssm\maven\repository\io\perfmark\perfmark-api\0.26.0\perfmark-api-0.26.0.jar;D:\JAVA\ssm\maven\repository\io\grpc\grpc-context\1.60.0\grpc-context-1.60.0.jar;D:\JAVA\ssm\maven\repository\io\grpc\grpc-netty\1.60.0\grpc-netty-1.60.0.jar;D:\JAVA\ssm\maven\repository\io\grpc\grpc-protobuf\1.60.0\grpc-protobuf-1.60.0.jar;D:\JAVA\ssm\maven\repository\com\google\protobuf\protobuf-java\3.24.0\protobuf-java-3.24.0.jar;D:\JAVA\ssm\maven\repository\com\google\api\grpc\proto-google-common-protos\2.22.0\proto-google-common-protos-2.22.0.jar;D:\JAVA\ssm\maven\repository\io\grpc\grpc-protobuf-lite\1.60.0\grpc-protobuf-lite-1.60.0.jar;D:\JAVA\ssm\maven\repository\io\grpc\grpc-stub\1.60.0\grpc-stub-1.60.0.jar;D:\JAVA\ssm\maven\repository\io\grpc\grpc-grpclb\1.60.0\grpc-grpclb-1.60.0.jar;D:\JAVA\ssm\maven\repository\com\google\protobuf\protobuf-java-util\3.24.0\protobuf-java-util-3.24.0.jar;D:\JAVA\ssm\maven\repository\io\grpc\grpc-util\1.60.0\grpc-util-1.60.0.jar;D:\JAVA\ssm\maven\repository\io\etcd\jetcd-api\0.7.7\jetcd-api-0.7.7.jar;D:\JAVA\ssm\maven\repository\io\etcd\jetcd-common\0.7.7\jetcd-common-0.7.7.jar;D:\JAVA\ssm\maven\repository\com\google\guava\guava\33.0.0-jre\guava-33.0.0-jre.jar;D:\JAVA\ssm\maven\repository\com\google\guava\failureaccess\1.0.2\failureaccess-1.0.2.jar;D:\JAVA\ssm\maven\repository\com\google\guava\listenablefuture\9999.0-empty-to-avoid-conflict-with-guava\listenablefuture-9999.0-empty-to-avoid-conflict-with-guava.jar;D:\JAVA\ssm\maven\repository\org\checkerframework\checker-qual\3.41.0\checker-qual-3.41.0.jar;D:\JAVA\ssm\maven\repository\dev\failsafe\failsafe\3.3.2\failsafe-3.3.2.jar;D:\JAVA\ssm\maven\repository\org\apache\curator\curator-x-discovery\5.6.0\curator-x-discovery-5.6.0.jar;D:\JAVA\ssm\maven\repository\org\apache\curator\curator-recipes\5.6.0\curator-recipes-5.6.0.jar;D:\JAVA\ssm\maven\repository\org\apache\curator\curator-framework\5.6.0\curator-framework-5.6.0.jar;D:\JAVA\ssm\maven\repository\org\apache\curator\curator-client\5.6.0\curator-client-5.6.0.jar;D:\JAVA\ssm\maven\repository\org\apache\zookeeper\zookeeper\3.7.2\zookeeper-3.7.2.jar;D:\JAVA\ssm\maven\repository\org\apache\zookeeper\zookeeper-jute\3.7.2\zookeeper-jute-3.7.2.jar;D:\JAVA\ssm\maven\repository\org\apache\yetus\audience-annotations\0.12.0\audience-annotations-0.12.0.jar;D:\JAVA\ssm\maven\repository\io\netty\netty-transport-native-epoll\4.1.84.Final\netty-transport-native-epoll-4.1.84.Final.jar;D:\JAVA\ssm\maven\repository\io\netty\netty-transport-classes-epoll\4.1.84.Final\netty-transport-classes-epoll-4.1.84.Final.jar;D:\JAVA\ssm\maven\repository\com\fasterxml\jackson\core\jackson-databind\2.13.4.2\jackson-databind-2.13.4.2.jar;D:\JAVA\ssm\maven\repository\com\fasterxml\jackson\core\jackson-annotations\2.13.4\jackson-annotations-2.13.4.jar;D:\JAVA\ssm\maven\repository\com\github\rholder\guava-retrying\2.0.0\guava-retrying-2.0.0.jar;D:\JAVA\ssm\maven\repository\com\google\code\findbugs\jsr305\2.0.2\jsr305-2.0.2.jar;D:\JAVA\ssm\maven\repository\org\projectlombok\lombok\1.18.24\lombok-1.18.24.jar;"/>
    <property name="sun.cpu.endian" value="little"/>
    <property name="user.home" value="C:\Users\xielinjun"/>
    <property name="user.language" value="zh"/>
    <property name="java.specification.vendor" value="Oracle Corporation"/>
    <property name="java.version.date" value="2022-10-18"/>
    <property name="java.home" value="D:\Program Files\Java\jdk-19"/>
    <property name="file.separator" value="\"/>
    <property name="basedir" value="D:\JAVA\RPC\rpc\rpc-spring-boot-starter"/>
    <property name="java.vm.compressedOopsMode" value="Zero based"/>
    <property name="line.separator" value="&#10;"/>
    <property name="java.vm.specification.vendor" value="Oracle Corporation"/>
    <property name="java.specification.name" value="Java Platform API Specification"/>
    <property name="FILE_LOG_CHARSET" value="UTF-8"/>
    <property name="java.awt.headless" value="true"/>
    <property name="surefire.real.class.path" value="C:\Users\xielinjun\AppData\Local\Temp\surefire9168144593156275056\surefirebooter-20240512202402647_3.jar"/>
    <property name="user.script" value=""/>
    <property name="sun.management.compiler" value="HotSpot 64-Bit Tiered Compilers"/>
    <property name="java.runtime.version" value="19.0.1+10-21"/>
    <property name="user.name" value="xielinjun"/>
    <property name="stdout.encoding" value="GBK"/>
    <property name="path.separator" value=";"/>
    <property name="os.version" value="10.0"/>
    <property name="java.runtime.name" value="Java(TM) SE Runtime Environment"/>
    <property name="file.encoding" value="UTF-8"/>
    <property name="spring.beaninfo.ignore" value="true"/>
    <property name="java.vm.name" value="Java HotSpot(TM) 64-Bit Server VM"/>
    <property name="localRepository" value="D:\JAVA\ssm\maven\repository"/>
    <property name="java.vendor.url.bug" value="https://bugreport.java.com/bugreport/"/>
    <property name="java.io.tmpdir" value="C:\Users\XIELIN~1\AppData\Local\Temp\"/>
    <property name="idea.version" value="2022.2.3"/>
    <property name="java.version" value="19.0.1"/>
    <property name="user.dir" value="D:\JAVA\RPC\rpc\rpc-spring-boot-starter"/>
    <property name="os.arch" value="amd64"/>
    <property name="java.vm.specification.name" value="Java Virtual Machine Specification"/>
    <property name="PID" value="102084"/>
    <property name="user.language.format" value="en"/>
    <property name="sun.os.patch.level" value=""/>
    <property name="CONSOLE_LOG_CHARSET" value="UTF-8"/>
    <property name="native.encoding" value="GBK"/>
    <property name="java.library.path" value="D:\Program Files\Java\jdk-19\bin;C:\WINDOWS\Sun\Java\bin;C:\WINDOWS\system32;C:\WINDOWS;D:\Software\vm\bin\;D:\Program Files\Java\jdk-19\bin;C:\Program Files\Common Files\Oracle\Java\javapath;C:\WINDOWS\system32;C:\WINDOWS;C:\WINDOWS\System32\Wbem;C:\WINDOWS\System32\WindowsPowerShell\v1.0\;C:\WINDOWS\System32\OpenSSH\;D:\Program Files\Java\jdk-19\jre\bin;C:\Program Files\Docker\Docker\resources\bin;D:\Software\ctex\UserData\miktex\bin;D:\Software\ctex\MiKTeX\miktex\bin\x64;D:\Software\ctex\CTeX\ctex\bin;D:\Software\ctex\CTeX\cct\bin;D:\Software\ctex\CTeX\ty\bin;D:\Software\ctex\Ghostscript\gs10.01.1\bin;D:\Software\ctex\WinEdt;D:\Software\git_xie\Git\cmd;D:\Software\Anaconda\install_path;D:\Software\Anaconda\install_path\Scripts;D:\Software\Anaconda\install_path\Library\bin;D:\Software\Anaconda\install_path\Library\mingw-w64\bin;D:\Software\VScode\Microsoft VS Code-1.81.1\bin;D:\Software\MySql\MySQL\MySQL Server 8.0\bin;D:\JAVA\ssm\maven\apache-maven-3.9.6\bin;;D:\Software\wechat_devtools\微信web开发者工具\dll;C:\Users\xielinjun\AppData\Local\Microsoft\WindowsApps;."/>
    <property name="java.vm.info" value="mixed mode, sharing"/>
    <property name="stderr.encoding" value="GBK"/>
    <property name="java.vendor" value="Oracle Corporation"/>
    <property name="java.vm.version" value="19.0.1+10-21"/>
    <property name="sun.io.unicode.encoding" value="UnicodeLittle"/>
    <property name="java.class.version" value="63.0"/>
  </properties>
  <testcase name="contextLoads" classname="com.xie.rpcspringbootstarter.RpcSpringBootStarterApplicationTests" time="0.182">
    <system-out><![CDATA[20:24:03.289 [main] DEBUG org.springframework.test.context.BootstrapUtils - Instantiating CacheAwareContextLoaderDelegate from class [org.springframework.test.context.cache.DefaultCacheAwareContextLoaderDelegate]
20:24:03.298 [main] DEBUG org.springframework.test.context.BootstrapUtils - Instantiating BootstrapContext using constructor [public org.springframework.test.context.support.DefaultBootstrapContext(java.lang.Class,org.springframework.test.context.CacheAwareContextLoaderDelegate)]
20:24:03.325 [main] DEBUG org.springframework.test.context.BootstrapUtils - Instantiating TestContextBootstrapper for test class [com.xie.rpcspringbootstarter.RpcSpringBootStarterApplicationTests] from class [org.springframework.boot.test.context.SpringBootTestContextBootstrapper]
20:24:03.333 [main] INFO org.springframework.boot.test.context.SpringBootTestContextBootstrapper - Neither @ContextConfiguration nor @ContextHierarchy found for test class [com.xie.rpcspringbootstarter.RpcSpringBootStarterApplicationTests], using SpringBootContextLoader
20:24:03.337 [main] DEBUG org.springframework.test.context.support.AbstractContextLoader - Did not detect default resource location for test class [com.xie.rpcspringbootstarter.RpcSpringBootStarterApplicationTests]: class path resource [com/xie/rpcspringbootstarter/RpcSpringBootStarterApplicationTests-context.xml] does not exist
20:24:03.338 [main] DEBUG org.springframework.test.context.support.AbstractContextLoader - Did not detect default resource location for test class [com.xie.rpcspringbootstarter.RpcSpringBootStarterApplicationTests]: class path resource [com/xie/rpcspringbootstarter/RpcSpringBootStarterApplicationTestsContext.groovy] does not exist
20:24:03.338 [main] INFO org.springframework.test.context.support.AbstractContextLoader - Could not detect default resource locations for test class [com.xie.rpcspringbootstarter.RpcSpringBootStarterApplicationTests]: no resource found for suffixes {-context.xml, Context.groovy}.
20:24:03.338 [main] INFO org.springframework.test.context.support.AnnotationConfigContextLoaderUtils - Could not detect default configuration classes for test class [com.xie.rpcspringbootstarter.RpcSpringBootStarterApplicationTests]: RpcSpringBootStarterApplicationTests does not declare any static, non-private, non-final, nested classes annotated with @Configuration.
20:24:03.376 [main] DEBUG org.springframework.test.context.support.ActiveProfilesUtils - Could not find an 'annotation declaring class' for annotation type [org.springframework.test.context.ActiveProfiles] and class [com.xie.rpcspringbootstarter.RpcSpringBootStarterApplicationTests]
20:24:03.428 [main] DEBUG org.springframework.context.annotation.ClassPathScanningCandidateComponentProvider - Identified candidate component class: file [D:\JAVA\RPC\rpc\rpc-spring-boot-starter\target\classes\com\xie\rpcspringbootstarter\RpcSpringBootStarterApplication.class]
20:24:03.430 [main] INFO org.springframework.boot.test.context.SpringBootTestContextBootstrapper - Found @SpringBootConfiguration com.xie.rpcspringbootstarter.RpcSpringBootStarterApplication for test class com.xie.rpcspringbootstarter.RpcSpringBootStarterApplicationTests
20:24:03.505 [main] DEBUG org.springframework.boot.test.context.SpringBootTestContextBootstrapper - @TestExecutionListeners is not present for class [com.xie.rpcspringbootstarter.RpcSpringBootStarterApplicationTests]: using defaults.
20:24:03.505 [main] INFO org.springframework.boot.test.context.SpringBootTestContextBootstrapper - Loaded default TestExecutionListener class names from location [META-INF/spring.factories]: [org.springframework.boot.test.mock.mockito.MockitoTestExecutionListener, org.springframework.boot.test.mock.mockito.ResetMocksTestExecutionListener, org.springframework.boot.test.autoconfigure.restdocs.RestDocsTestExecutionListener, org.springframework.boot.test.autoconfigure.web.client.MockRestServiceServerResetTestExecutionListener, org.springframework.boot.test.autoconfigure.web.servlet.MockMvcPrintOnlyOnFailureTestExecutionListener, org.springframework.boot.test.autoconfigure.web.servlet.WebDriverTestExecutionListener, org.springframework.boot.test.autoconfigure.webservices.client.MockWebServiceServerTestExecutionListener, org.springframework.test.context.web.ServletTestExecutionListener, org.springframework.test.context.support.DirtiesContextBeforeModesTestExecutionListener, org.springframework.test.context.event.ApplicationEventsTestExecutionListener, org.springframework.test.context.support.DependencyInjectionTestExecutionListener, org.springframework.test.context.support.DirtiesContextTestExecutionListener, org.springframework.test.context.transaction.TransactionalTestExecutionListener, org.springframework.test.context.jdbc.SqlScriptsTestExecutionListener, org.springframework.test.context.event.EventPublishingTestExecutionListener]
20:24:03.516 [main] DEBUG org.springframework.boot.test.context.SpringBootTestContextBootstrapper - Skipping candidate TestExecutionListener [org.springframework.test.context.web.ServletTestExecutionListener] due to a missing dependency. Specify custom listener classes or make the default listener classes and their required dependencies available. Offending class: [javax/servlet/ServletContext]
20:24:03.518 [main] DEBUG org.springframework.boot.test.context.SpringBootTestContextBootstrapper - Skipping candidate TestExecutionListener [org.springframework.test.context.transaction.TransactionalTestExecutionListener] due to a missing dependency. Specify custom listener classes or make the default listener classes and their required dependencies available. Offending class: [org/springframework/transaction/interceptor/TransactionAttributeSource]
20:24:03.519 [main] DEBUG org.springframework.boot.test.context.SpringBootTestContextBootstrapper - Skipping candidate TestExecutionListener [org.springframework.test.context.jdbc.SqlScriptsTestExecutionListener] due to a missing dependency. Specify custom listener classes or make the default listener classes and their required dependencies available. Offending class: [org/springframework/transaction/interceptor/TransactionAttribute]
20:24:03.519 [main] INFO org.springframework.boot.test.context.SpringBootTestContextBootstrapper - Using TestExecutionListeners: [org.springframework.test.context.support.DirtiesContextBeforeModesTestExecutionListener@5460cf3a, org.springframework.test.context.event.ApplicationEventsTestExecutionListener@65a15628, org.springframework.boot.test.mock.mockito.MockitoTestExecutionListener@2e6a5539, org.springframework.boot.test.autoconfigure.SpringBootDependencyInjectionTestExecutionListener@3fc9504b, org.springframework.test.context.support.DirtiesContextTestExecutionListener@6d025197, org.springframework.test.context.event.EventPublishingTestExecutionListener@27d4a09, org.springframework.boot.test.mock.mockito.ResetMocksTestExecutionListener@7e4204e2, org.springframework.boot.test.autoconfigure.restdocs.RestDocsTestExecutionListener@b7c4869, org.springframework.boot.test.autoconfigure.web.client.MockRestServiceServerResetTestExecutionListener@740d2e78, org.springframework.boot.test.autoconfigure.web.servlet.MockMvcPrintOnlyOnFailureTestExecutionListener@1c481ff2, org.springframework.boot.test.autoconfigure.web.servlet.WebDriverTestExecutionListener@72437d8d, org.springframework.boot.test.autoconfigure.webservices.client.MockWebServiceServerTestExecutionListener@1b955cac]
20:24:03.523 [main] DEBUG org.springframework.test.context.support.AbstractDirtiesContextTestExecutionListener - Before test class: context [DefaultTestContext@30af5b6b testClass = RpcSpringBootStarterApplicationTests, testInstance = [null], testMethod = [null], testException = [null], mergedContextConfiguration = [MergedContextConfiguration@19835e64 testClass = RpcSpringBootStarterApplicationTests, locations = '{}', classes = '{class com.xie.rpcspringbootstarter.RpcSpringBootStarterApplication}', contextInitializerClasses = '[]', activeProfiles = '{}', propertySourceLocations = '{}', propertySourceProperties = '{org.springframework.boot.test.context.SpringBootTestContextBootstrapper=true}', contextCustomizers = set[org.springframework.boot.test.context.filter.ExcludeFilterContextCustomizer@5b1669c0, org.springframework.boot.test.json.DuplicateJsonObjectContextCustomizerFactory$DuplicateJsonObjectContextCustomizer@7d0b7e3c, org.springframework.boot.test.mock.mockito.MockitoContextCustomizer@0, org.springframework.boot.test.web.client.TestRestTemplateContextCustomizer@1ca3b418, org.springframework.boot.test.autoconfigure.actuate.metrics.MetricsExportContextCustomizerFactory$DisableMetricExportContextCustomizer@53045c6c, org.springframework.boot.test.autoconfigure.properties.PropertyMappingContextCustomizer@0, org.springframework.boot.test.autoconfigure.web.servlet.WebDriverContextCustomizerFactory$Customizer@18271936, org.springframework.boot.test.context.SpringBootTestArgs@1, org.springframework.boot.test.context.SpringBootTestWebEnvironment@70a9f84e], contextLoader = 'org.springframework.boot.test.context.SpringBootContextLoader', parent = [null]], attributes = map[[empty]]], class annotated with @DirtiesContext [false] with mode [null].
20:24:03.539 [main] DEBUG org.springframework.test.context.support.DependencyInjectionTestExecutionListener - Performing dependency injection for test context [[DefaultTestContext@30af5b6b testClass = RpcSpringBootStarterApplicationTests, testInstance = com.xie.rpcspringbootstarter.RpcSpringBootStarterApplicationTests@289710d9, testMethod = [null], testException = [null], mergedContextConfiguration = [MergedContextConfiguration@19835e64 testClass = RpcSpringBootStarterApplicationTests, locations = '{}', classes = '{class com.xie.rpcspringbootstarter.RpcSpringBootStarterApplication}', contextInitializerClasses = '[]', activeProfiles = '{}', propertySourceLocations = '{}', propertySourceProperties = '{org.springframework.boot.test.context.SpringBootTestContextBootstrapper=true}', contextCustomizers = set[org.springframework.boot.test.context.filter.ExcludeFilterContextCustomizer@5b1669c0, org.springframework.boot.test.json.DuplicateJsonObjectContextCustomizerFactory$DuplicateJsonObjectContextCustomizer@7d0b7e3c, org.springframework.boot.test.mock.mockito.MockitoContextCustomizer@0, org.springframework.boot.test.web.client.TestRestTemplateContextCustomizer@1ca3b418, org.springframework.boot.test.autoconfigure.actuate.metrics.MetricsExportContextCustomizerFactory$DisableMetricExportContextCustomizer@53045c6c, org.springframework.boot.test.autoconfigure.properties.PropertyMappingContextCustomizer@0, org.springframework.boot.test.autoconfigure.web.servlet.WebDriverContextCustomizerFactory$Customizer@18271936, org.springframework.boot.test.context.SpringBootTestArgs@1, org.springframework.boot.test.context.SpringBootTestWebEnvironment@70a9f84e], contextLoader = 'org.springframework.boot.test.context.SpringBootContextLoader', parent = [null]], attributes = map['org.springframework.test.context.event.ApplicationEventsTestExecutionListener.recordApplicationEvents' -> false]]].

  .   ____          _            __ _ _
 /\\ / ___'_ __ _ _(_)_ __  __ _ \ \ \ \
( ( )\___ | '_ | '_| | '_ \/ _` | \ \ \ \
 \\/  ___)| |_)| | | | | || (_| |  ) ) ) )
  '  |____| .__|_| |_|_| |_\__, | / / / /
 =========|_|==============|___/=/_/_/_/
 :: Spring Boot ::               (v2.6.13)

2024-05-12 20:24:03.799  INFO 102084 --- [           main] x.r.RpcSpringBootStarterApplicationTests : Starting RpcSpringBootStarterApplicationTests using Java 19.0.1 on For-Code with PID 102084 (started by xielinjun in D:\JAVA\RPC\rpc\rpc-spring-boot-starter)
2024-05-12 20:24:03.800  INFO 102084 --- [           main] x.r.RpcSpringBootStarterApplicationTests : No active profile set, falling back to 1 default profile: "default"
2024-05-12 20:24:04.229  INFO 102084 --- [           main] x.r.RpcSpringBootStarterApplicationTests : Started RpcSpringBootStarterApplicationTests in 0.668 seconds (JVM running for 1.454)
]]></system-out>
  </testcase>
</testsuite>